<?xml version="1.0" encoding="UTF-8"?>
<testng-results ignored="0" total="1" passed="1" failed="0" skipped="0">
  <reporter-output>
  </reporter-output>
  <suite started-at="2026-09-17T17:16:46 IST" name="Default Suite" finished-at="2026-09-17T17:16:53 IST" duration-ms="7812">
    <groups>
    </groups>
    <test started-at="2026-09-17T17:16:46 IST" name="newpro" finished-at="2026-09-17T17:16:53 IST" duration-ms="7812">
      <class name="Day3.HandledUnexpectedAlert.TestNg.TestNgg">
        <test-method is-config="true" signature="setUp()[pri:0, instance:Day3.HandledUnexpectedAlert.TestNg.TestNgg@4562e04d]" started-at="2026-09-17T17:16:46 IST" name="setUp" finished-at="2026-09-17T17:16:48 IST" duration-ms="2729" status="PASS">
          <reporter-output>
          </reporter-output>
        </test-method> <!-- setUp -->
        <test-method signature="testPositiveLoginSauceDemo()[pri:1, instance:Day3.HandledUnexpectedAlert.TestNg.TestNgg@4562e04d]" started-at="2026-09-17T17:16:48 IST" name="testPositiveLoginSauceDemo" finished-at="2026-09-17T17:16:53 IST" duration-ms="4825" status="PASS">
          <reporter-output>
          </reporter-output>
        </test-method> <!-- testPositiveLoginSauceDemo -->
        <test-method is-config="true" signature="tearDown()[pri:0, instance:Day3.HandledUnexpectedAlert.TestNg.TestNgg@4562e04d]" started-at="2026-09-17T17:16:53 IST" name="tearDown" finished-at="2026-09-17T17:16:53 IST" duration-ms="206" status="PASS">
          <reporter-output>
          </reporter-output>
        </test-method> <!-- tearDown -->
      </class> <!-- Day3.HandledUnexpectedAlert.TestNg.TestNgg -->
    </test> <!-- newpro -->
  </suite> <!-- Default Suite -->
</testng-results>
