<?xml version="1.0" encoding="UTF-8"?>
<!-- Generated by org.testng.reporters.JUnitXMLReporter -->
<testsuite ignored="1" hostname="CCST5" failures="1" tests="1" name="SmokeTests" time="0.059" errors="0" timestamp="2026-09-18T11:21:11 IST">
  <testcase classname="Day3.HandledUnexpectedAlert.TestNg.TestNgg" name="testPositiveLoginSauceDemo" time="0.008">
    <failure type="java.lang.NullPointerException" message="Cannot invoke &amp;quot;org.openqa.selenium.WebDriver.get(String)&amp;quot; because &amp;quot;this.driver&amp;quot; is null">
      <![CDATA[java.lang.NullPointerException: Cannot invoke "org.openqa.selenium.WebDriver.get(String)" because "this.driver" is null
at Day3.HandledUnexpectedAlert.TestNg.TestNgg.testPositiveLoginSauceDemo(TestNgg.java:36)
at java.base/java.util.ArrayList.forEach(ArrayList.java:1597)
at com.intellij.rt.testng.IDEARemoteTestNG.run(IDEARemoteTestNG.java:65)
at com.intellij.rt.testng.RemoteTestNGStarter.main(RemoteTestNGStarter.java:109)
... Removed 22 stack frames]]>
    </failure>
  </testcase> <!-- testPositiveLoginSauceDemo -->
  <testcase classname="Day3.HandledUnexpectedAlert.TestNg.TestNgg" name="testNegativeLoginSauceDemo" time="0.0">
    <ignored/>
  </testcase> <!-- testNegativeLoginSauceDemo -->
</testsuite> <!-- SmokeTests -->
